0 info it worked if it ends with ok
1 verbose cli [ '/usr/bin/nodejs', '/usr/bin/npm', 'install' ]
2 info using npm@1.3.10
3 info using node@v0.10.25
4 verbose readDependencies using package.json deps
5 verbose install where, deps [ '/home/apamecha/scratch/workspace2.4/Middleware/Pyaarelal',
5 verbose install   [ 'express', 'ejs' ] ]
6 info preinstall Pyaarelal@0.0.1
7 verbose readDependencies using package.json deps
8 verbose cache add [ 'express@3.2.6', null ]
9 verbose cache add name=undefined spec="express@3.2.6" args=["express@3.2.6",null]
10 verbose parsed url { protocol: null,
10 verbose parsed url   slashes: null,
10 verbose parsed url   auth: null,
10 verbose parsed url   host: null,
10 verbose parsed url   port: null,
10 verbose parsed url   hostname: null,
10 verbose parsed url   hash: null,
10 verbose parsed url   search: null,
10 verbose parsed url   query: null,
10 verbose parsed url   pathname: 'express@3.2.6',
10 verbose parsed url   path: 'express@3.2.6',
10 verbose parsed url   href: 'express@3.2.6' }
11 verbose cache add name="express" spec="3.2.6" args=["express","3.2.6"]
12 verbose parsed url { protocol: null,
12 verbose parsed url   slashes: null,
12 verbose parsed url   auth: null,
12 verbose parsed url   host: null,
12 verbose parsed url   port: null,
12 verbose parsed url   hostname: null,
12 verbose parsed url   hash: null,
12 verbose parsed url   search: null,
12 verbose parsed url   query: null,
12 verbose parsed url   pathname: '3.2.6',
12 verbose parsed url   path: '3.2.6',
12 verbose parsed url   href: '3.2.6' }
13 verbose addNamed [ 'express', '3.2.6' ]
14 verbose addNamed [ '3.2.6', '3.2.6' ]
15 verbose cache add [ 'ejs@*', null ]
16 verbose cache add name=undefined spec="ejs@*" args=["ejs@*",null]
17 verbose parsed url { protocol: null,
17 verbose parsed url   slashes: null,
17 verbose parsed url   auth: null,
17 verbose parsed url   host: null,
17 verbose parsed url   port: null,
17 verbose parsed url   hostname: null,
17 verbose parsed url   hash: null,
17 verbose parsed url   search: null,
17 verbose parsed url   query: null,
17 verbose parsed url   pathname: 'ejs@*',
17 verbose parsed url   path: 'ejs@*',
17 verbose parsed url   href: 'ejs@*' }
18 verbose cache add name="ejs" spec="*" args=["ejs","*"]
19 verbose parsed url { protocol: null,
19 verbose parsed url   slashes: null,
19 verbose parsed url   auth: null,
19 verbose parsed url   host: null,
19 verbose parsed url   port: null,
19 verbose parsed url   hostname: null,
19 verbose parsed url   hash: null,
19 verbose parsed url   search: null,
19 verbose parsed url   query: null,
19 verbose parsed url   pathname: '*',
19 verbose parsed url   path: '*',
19 verbose parsed url   href: '*' }
20 verbose addNamed [ 'ejs', '*' ]
21 verbose addNamed [ null, '*' ]
22 silly lockFile fdae4232-express-3-2-6 express@3.2.6
23 verbose lock express@3.2.6 /home/apamecha/.npm/fdae4232-express-3-2-6.lock
24 silly lockFile 9d73ed50-ejs ejs@*
25 verbose lock ejs@* /home/apamecha/.npm/9d73ed50-ejs.lock
26 silly addNameRange { name: 'ejs', range: '*', hasData: false }
27 verbose url raw express/3.2.6
28 verbose url resolving [ 'http://registry.npmjs.org/', './express/3.2.6' ]
29 verbose url resolved http://registry.npmjs.org/express/3.2.6
30 info trying registry request attempt 1 at 20:52:37
31 http GET http://registry.npmjs.org/express/3.2.6
32 verbose url raw ejs
33 verbose url resolving [ 'http://registry.npmjs.org/', './ejs' ]
34 verbose url resolved http://registry.npmjs.org/ejs
35 info trying registry request attempt 1 at 20:52:37
36 http GET http://registry.npmjs.org/ejs
37 info retry will retry, error on last attempt: Error: getaddrinfo ENOTFOUND
38 info retry will retry, error on last attempt: Error: getaddrinfo ENOTFOUND
39 info trying registry request attempt 2 at 20:52:57
40 http GET http://registry.npmjs.org/ejs
41 info retry will retry, error on last attempt: Error: getaddrinfo ENOTFOUND
42 info trying registry request attempt 2 at 20:53:02
43 http GET http://registry.npmjs.org/express/3.2.6
44 info retry will retry, error on last attempt: Error: getaddrinfo ENOTFOUND
45 info trying registry request attempt 3 at 20:53:57
46 http GET http://registry.npmjs.org/ejs
47 silly lockFile 9d73ed50-ejs ejs@*
48 silly lockFile 9d73ed50-ejs ejs@*
49 error network getaddrinfo ENOTFOUND
49 error network This is most likely not a problem with npm itself
49 error network and is related to network connectivity.
49 error network In most cases you are behind a proxy or have bad network settings.
49 error network
49 error network If you are behind a proxy, please make sure that the
49 error network 'proxy' config is set properly.  See: 'npm help config'
50 error System Linux 3.13.0-40-generic
51 error command "/usr/bin/nodejs" "/usr/bin/npm" "install"
52 error cwd /home/apamecha/scratch/workspace2.4/Middleware/Pyaarelal
53 error node -v v0.10.25
54 error npm -v 1.3.10
55 error syscall getaddrinfo
56 error code ENOTFOUND
57 error errno ENOTFOUND
58 verbose exit [ 1, true ]
